[01m[K/home/lattinone/Damiano/progetto/src/pose_handler/src/pose_handler_node.cpp:[m[K In function â€˜[01m[Kint main(int, char**)[m[Kâ€™:
[01m[K/home/lattinone/Damiano/progetto/src/pose_handler/src/pose_handler_node.cpp:219:64:[m[K [01;31m[Kerror: [m[Kâ€˜[01m[KPath[m[Kâ€™ is not a member of â€˜[01m[Knav_msgs[m[Kâ€™
  219 |     ros::Publisher path_publisher = path_n.advertise<nav_msgs::[01;31m[KPath[m[K>("/path", 1);
      |                                                                [01;31m[K^~~~[m[K
[01m[K/home/lattinone/Damiano/progetto/src/pose_handler/src/pose_handler_node.cpp:219:64:[m[K [01;31m[Kerror: [m[Kâ€˜[01m[KPath[m[Kâ€™ is not a member of â€˜[01m[Knav_msgs[m[Kâ€™
[01m[K/home/lattinone/Damiano/progetto/src/pose_handler/src/pose_handler_node.cpp:219:80:[m[K [01;31m[Kerror: [m[Kno matching function for call to â€˜[01m[Kros::NodeHandle::advertise<<expression error> >(const char [6], int)[m[Kâ€™
  219 |     ros::Publisher path_publisher = path_n.advertise<nav_msgs::Path>("/path", 1[01;31m[K)[m[K;
      |                                                                                [01;31m[K^[m[K
In file included from [01m[K/opt/ros/noetic/include/ros/ros.h:45[m[K,
                 from [01m[K/home/lattinone/Damiano/progetto/src/pose_handler/src/pose_handler_node.cpp:1[m[K:
[01m[K/opt/ros/noetic/include/ros/node_handle.h:249:15:[m[K [01;36m[Knote: [m[Kcandidate: â€˜[01m[Ktemplate<class M> ros::Publisher ros::NodeHandle::advertise(const string&, uint32_t, bool)[m[Kâ€™
  249 |     Publisher [01;36m[Kadvertise[m[K(const std::string& topic, uint32_t queue_size, bool latch = false)
      |               [01;36m[K^~~~~~~~~[m[K
[01m[K/opt/ros/noetic/include/ros/node_handle.h:249:15:[m[K [01;36m[Knote: [m[K  template argument deduction/substitution failed:
[01m[K/home/lattinone/Damiano/progetto/src/pose_handler/src/pose_handler_node.cpp:219:80:[m[K [01;31m[Kerror: [m[Ktemplate argument 1 is invalid
  219 |     ros::Publisher path_publisher = path_n.advertise<nav_msgs::Path>("/path", 1[01;31m[K)[m[K;
      |                                                                                [01;31m[K^[m[K
In file included from [01m[K/opt/ros/noetic/include/ros/ros.h:45[m[K,
                 from [01m[K/home/lattinone/Damiano/progetto/src/pose_handler/src/pose_handler_node.cpp:1[m[K:
[01m[K/opt/ros/noetic/include/ros/node_handle.h:315:13:[m[K [01;36m[Knote: [m[Kcandidate: â€˜[01m[Ktemplate<class M> ros::Publisher ros::NodeHandle::advertise(const string&, uint32_t, const SubscriberStatusCallback&, const SubscriberStatusCallback&, const VoidConstPtr&, bool)[m[Kâ€™
  315 |   Publisher [01;36m[Kadvertise[m[K(const std::string& topic, uint32_t queue_size,
      |             [01;36m[K^~~~~~~~~[m[K
[01m[K/opt/ros/noetic/include/ros/node_handle.h:315:13:[m[K [01;36m[Knote: [m[K  template argument deduction/substitution failed:
[01m[K/home/lattinone/Damiano/progetto/src/pose_handler/src/pose_handler_node.cpp:219:80:[m[K [01;31m[Kerror: [m[Ktemplate argument 1 is invalid
  219 |     ros::Publisher path_publisher = path_n.advertise<nav_msgs::Path>("/path", 1[01;31m[K)[m[K;
      |                                                                                [01;31m[K^[m[K
[01m[K/home/lattinone/Damiano/progetto/src/pose_handler/src/pose_handler_node.cpp:220:15:[m[K [01;31m[Kerror: [m[Kâ€˜[01m[KPath[m[Kâ€™ is not a member of â€˜[01m[Knav_msgs[m[Kâ€™
  220 |     nav_msgs::[01;31m[KPath[m[K path_msg;
      |               [01;31m[K^~~~[m[K
[01m[K/home/lattinone/Damiano/progetto/src/pose_handler/src/pose_handler_node.cpp:221:5:[m[K [01;31m[Kerror: [m[Kâ€˜[01m[Kpath_msg[m[Kâ€™ was not declared in this scope; did you mean â€˜[01m[Kpath_n[m[Kâ€™?
  221 |     [01;31m[Kpath_msg[m[K.header.frame_id = "map";  // Set the frame id of the path
      |     [01;31m[K^~~~~~~~[m[K
      |     [32m[Kpath_n[m[K
make[2]: *** [CMakeFiles/pose_handler_node.dir/build.make:63: CMakeFiles/pose_handler_node.dir/src/pose_handler_node.cpp.o] Error 1
make[1]: *** [CMakeFiles/Makefile2:170: CMakeFiles/pose_handler_node.dir/all] Error 2
make: *** [Makefile:141: all] Error 2
